<?xml version="1.0" encoding="UTF-8"?>
<!-- Generated by org.testng.reporters.JUnitXMLReporter -->
<testsuite ignored="0" hostname="DESKTOP-EF44SBG" failures="0" tests="4" name="Default test" time="118.574" errors="0" timestamp="2024-12-12T21:40:35 IST">
  <testcase classname="test.CartPageTest" name="verifyByAddingMultipleProductsToCart" time="24.098"/>
  <testcase classname="test.CartPageTest" name="verifyOnChangingProductQuantityCorrectAmountIsDisplyed" time="17.456"/>
  <testcase classname="test.CartPageTest" name="verifyByRemovingProductFromCart" time="36.06"/>
  <testcase classname="test.CartPageTest" name="verifyTotalAmountForMultipleProductsInCart" time="25.117"/>
</testsuite> <!-- Default test -->
