<?xml version="1.0" encoding="UTF-8"?>
<testng-results ignored="0" total="1" passed="1" failed="0" skipped="0">
  <reporter-output>
  </reporter-output>
  <suite started-at="2024-12-15T20:55:31 IST" name="Default suite" finished-at="2024-12-15T20:55:59 IST" duration-ms="28093">
    <groups>
    </groups>
    <test started-at="2024-12-15T20:55:31 IST" name="Default test" finished-at="2024-12-15T20:55:59 IST" duration-ms="28093">
      <class name="test.SortFilterTest">
        <test-method is-config="true" signature="launchNaptol()[pri:0, instance:test.SortFilterTest@6aba2b86]" started-at="2024-12-15T20:55:31 IST" name="launchNaptol" finished-at="2024-12-15T20:55:36 IST" duration-ms="4142" status="PASS">
          <reporter-output>
          </reporter-output>
        </test-method> <!-- launchNaptol -->
        <test-method signature="verifySortFeature()[pri:0, instance:test.SortFilterTest@6aba2b86]" started-at="2024-12-15T20:55:36 IST" name="verifySortFeature" finished-at="2024-12-15T20:55:59 IST" duration-ms="23198" status="PASS">
          <reporter-output>
          </reporter-output>
        </test-method> <!-- verifySortFeature -->
        <test-method is-config="true" signature="closeBrowser()[pri:0, instance:test.SortFilterTest@6aba2b86]" started-at="2024-12-15T20:55:59 IST" name="closeBrowser" finished-at="2024-12-15T20:55:59 IST" duration-ms="325" status="PASS">
          <reporter-output>
          </reporter-output>
        </test-method> <!-- closeBrowser -->
      </class> <!-- test.SortFilterTest -->
    </test> <!-- Default test -->
  </suite> <!-- Default suite -->
</testng-results>
